<?xml version="1.0" encoding="UTF-8"?>
<!-- Generated by org.testng.reporters.JUnitReportReporter -->
<testsuite skipped="1" hostname="BDC4-L-9Y87QQ2" name="com.selenium.Testng_demo2" tests="2" failures="0" timestamp="27 Feb 2019 16:54:02 GMT" time="10.029" errors="0">
  <testcase name="login" time="10.029" classname="com.selenium.Testng_demo2"/>
  <testcase name="legister" classname="com.selenium.Testng_demo2">
    <skipped/>
  </testcase> <!-- legister -->
</testsuite> <!-- com.selenium.Testng_demo2 -->
