<?xml version="1.0" encoding="UTF-8"?>
<!-- Generated by org.testng.reporters.JUnitReportReporter -->
<testsuite skipped="0" hostname="BDC4-L-9Y87QQ2" name="com.selenium.Testng_demo" tests="1" failures="0" timestamp="27 Feb 2019 16:53:20 GMT" time="0.005" errors="0">
  <testcase name="login_test" time="0.005" classname="com.selenium.Testng_demo"/>
</testsuite> <!-- com.selenium.Testng_demo -->
